<?xml version="1.0" encoding="UTF-8"?>
<!-- Generated by org.testng.reporters.JUnitReportReporter -->
<testsuite hostname="AEP-NB-101947" failures="0" tests="3" name="MavenProject.nopCommerce.TestNG_Demo_FullTask" time="24.750" errors="0" timestamp="2023-01-08T22:23:21 EET" skipped="1">
  <testcase classname="MavenProject.nopCommerce.TestNG_Demo_FullTask" name="LoginPage" time="3.088"/>
  <system-out/>
  <testcase classname="MavenProject.nopCommerce.TestNG_Demo_FullTask" name="BuyBook" time="21.662"/>
  <system-out/>
  <testcase classname="MavenProject.nopCommerce.TestNG_Demo_FullTask" name="RegisterNewAccount">
    <skipped/>
  </testcase> <!-- RegisterNewAccount -->
  <system-out/>
</testsuite> <!-- MavenProject.nopCommerce.TestNG_Demo_FullTask -->
