<?xml version="1.0" encoding="UTF-8"?>
<!-- Generated by org.testng.reporters.JUnitReportReporter -->
<testsuite hostname="AEP-NB-101947" failures="0" tests="3" name="nopCommerce.FromRegistrationToCheckout" time="29.616" errors="0" timestamp="2023-01-09T00:11:53 EET" skipped="0">
  <testcase classname="nopCommerce.FromRegistrationToCheckout" name="RegisterNewAccount" time="4.410"/>
  <system-out/>
  <testcase classname="nopCommerce.FromRegistrationToCheckout" name="LoginPage" time="2.021"/>
  <system-out/>
  <testcase classname="nopCommerce.FromRegistrationToCheckout" name="BuyBook" time="23.185"/>
  <system-out/>
</testsuite> <!-- nopCommerce.FromRegistrationToCheckout -->
